com.automatedparking.ParkingLotApplication::input => create_parking_lot 6 
com.automatedparking.ParkingLotApplication::performAction ->  InputData [command=CREATE_PARKING_LOT, data=[create_parking_lot, 6]] 
com.automatedparking.service.InputProcessorServiceImpl::InputProcessorServiceImpl -> InputData [command=CREATE_PARKING_LOT, data=[create_parking_lot, 6]] 
com.automatedparking.service.ParkingLotServiceImpl::createSlots -> 6 
com.automatedparking.ParkingLotApplication::input => park KA-01-HH-1234 White 
com.automatedparking.ParkingLotApplication::performAction ->  InputData [command=PARK, data=[park, KA-01-HH-1234, White]] 
com.automatedparking.service.ParkingLotServiceImpl::printParkedLots() -> [ 1, value :|       1 |        KA-01-HH-1234 |       White | ] 
 
com.automatedparking.service.ParkingLotServiceImpl::printParkedLots() -> [ 2, value :null ] 
 
com.automatedparking.service.ParkingLotServiceImpl::printParkedLots() -> [ 3, value :null ] 
 
com.automatedparking.service.ParkingLotServiceImpl::printParkedLots() -> [ 4, value :null ] 
 
com.automatedparking.service.ParkingLotServiceImpl::printParkedLots() -> [ 5, value :null ] 
 
com.automatedparking.service.ParkingLotServiceImpl::printParkedLots() -> [ 6, value :null ] 
 
com.automatedparking.ParkingLotApplication::input => park KA-01-HH-9999 White 
com.automatedparking.ParkingLotApplication::performAction ->  InputData [command=PARK, data=[park, KA-01-HH-9999, White]] 
com.automatedparking.service.ParkingLotServiceImpl::printParkedLots() -> [ 1, value :|       1 |        KA-01-HH-1234 |       White | ] 
 
com.automatedparking.service.ParkingLotServiceImpl::printParkedLots() -> [ 2, value :|       2 |        KA-01-HH-9999 |       White | ] 
 
com.automatedparking.service.ParkingLotServiceImpl::printParkedLots() -> [ 3, value :null ] 
 
com.automatedparking.service.ParkingLotServiceImpl::printParkedLots() -> [ 4, value :null ] 
 
com.automatedparking.service.ParkingLotServiceImpl::printParkedLots() -> [ 5, value :null ] 
 
com.automatedparking.service.ParkingLotServiceImpl::printParkedLots() -> [ 6, value :null ] 
 
com.automatedparking.ParkingLotApplication::input => park KA-01-BB-0001 Black 
com.automatedparking.ParkingLotApplication::performAction ->  InputData [command=PARK, data=[park, KA-01-BB-0001, Black]] 
com.automatedparking.service.ParkingLotServiceImpl::printParkedLots() -> [ 1, value :|       1 |        KA-01-HH-1234 |       White | ] 
 
com.automatedparking.service.ParkingLotServiceImpl::printParkedLots() -> [ 2, value :|       2 |        KA-01-HH-9999 |       White | ] 
 
com.automatedparking.service.ParkingLotServiceImpl::printParkedLots() -> [ 3, value :|       3 |        KA-01-BB-0001 |       Black | ] 
 
com.automatedparking.service.ParkingLotServiceImpl::printParkedLots() -> [ 4, value :null ] 
 
com.automatedparking.service.ParkingLotServiceImpl::printParkedLots() -> [ 5, value :null ] 
 
com.automatedparking.service.ParkingLotServiceImpl::printParkedLots() -> [ 6, value :null ] 
 
com.automatedparking.ParkingLotApplication::input => park KA-01-HH-7777 Red 
com.automatedparking.ParkingLotApplication::performAction ->  InputData [command=PARK, data=[park, KA-01-HH-7777, Red]] 
com.automatedparking.service.ParkingLotServiceImpl::printParkedLots() -> [ 1, value :|       1 |        KA-01-HH-1234 |       White | ] 
 
com.automatedparking.service.ParkingLotServiceImpl::printParkedLots() -> [ 2, value :|       2 |        KA-01-HH-9999 |       White | ] 
 
com.automatedparking.service.ParkingLotServiceImpl::printParkedLots() -> [ 3, value :|       3 |        KA-01-BB-0001 |       Black | ] 
 
com.automatedparking.service.ParkingLotServiceImpl::printParkedLots() -> [ 4, value :|       4 |        KA-01-HH-7777 |         Red | ] 
 
com.automatedparking.service.ParkingLotServiceImpl::printParkedLots() -> [ 5, value :null ] 
 
com.automatedparking.service.ParkingLotServiceImpl::printParkedLots() -> [ 6, value :null ] 
 
com.automatedparking.ParkingLotApplication::input => park KA-01-HH-2701 Blue 
com.automatedparking.ParkingLotApplication::performAction ->  InputData [command=PARK, data=[park, KA-01-HH-2701, Blue]] 
com.automatedparking.service.ParkingLotServiceImpl::printParkedLots() -> [ 1, value :|       1 |        KA-01-HH-1234 |       White | ] 
 
com.automatedparking.service.ParkingLotServiceImpl::printParkedLots() -> [ 2, value :|       2 |        KA-01-HH-9999 |       White | ] 
 
com.automatedparking.service.ParkingLotServiceImpl::printParkedLots() -> [ 3, value :|       3 |        KA-01-BB-0001 |       Black | ] 
 
com.automatedparking.service.ParkingLotServiceImpl::printParkedLots() -> [ 4, value :|       4 |        KA-01-HH-7777 |         Red | ] 
 
com.automatedparking.service.ParkingLotServiceImpl::printParkedLots() -> [ 5, value :|       5 |        KA-01-HH-2701 |        Blue | ] 
 
com.automatedparking.service.ParkingLotServiceImpl::printParkedLots() -> [ 6, value :null ] 
 
com.automatedparking.ParkingLotApplication::input => park KA-01-HH-3141 Black 
com.automatedparking.ParkingLotApplication::performAction ->  InputData [command=PARK, data=[park, KA-01-HH-3141, Black]] 
com.automatedparking.service.ParkingLotServiceImpl::printParkedLots() -> [ 1, value :|       1 |        KA-01-HH-1234 |       White | ] 
 
com.automatedparking.service.ParkingLotServiceImpl::printParkedLots() -> [ 2, value :|       2 |        KA-01-HH-9999 |       White | ] 
 
com.automatedparking.service.ParkingLotServiceImpl::printParkedLots() -> [ 3, value :|       3 |        KA-01-BB-0001 |       Black | ] 
 
com.automatedparking.service.ParkingLotServiceImpl::printParkedLots() -> [ 4, value :|       4 |        KA-01-HH-7777 |         Red | ] 
 
com.automatedparking.service.ParkingLotServiceImpl::printParkedLots() -> [ 5, value :|       5 |        KA-01-HH-2701 |        Blue | ] 
 
com.automatedparking.service.ParkingLotServiceImpl::printParkedLots() -> [ 6, value :|       6 |        KA-01-HH-3141 |       Black | ] 
 
com.automatedparking.ParkingLotApplication::input => leave 4 
com.automatedparking.ParkingLotApplication::performAction ->  InputData [command=LEAVE, data=[leave, 4]] 
com.automatedparking.service.ParkingLotServiceImpl::leaveParkingLot() leaved -> |       4 |        KA-01-HH-7777 |         Red | 
com.automatedparking.ParkingLotApplication::input => status 
com.automatedparking.ParkingLotApplication::performAction ->  InputData [command=STATUS, data=[status]] 
com.automatedparking.ParkingLotApplication::input => park KA-01-P-333 White 
com.automatedparking.ParkingLotApplication::performAction ->  InputData [command=PARK, data=[park, KA-01-P-333, White]] 
com.automatedparking.ParkingLotApplication::input => status 
com.automatedparking.ParkingLotApplication::performAction ->  InputData [command=STATUS, data=[status]] 
com.automatedparking.ParkingLotApplication::input => create_parking_lot 6 
com.automatedparking.ParkingLotApplication::performAction ->  InputData [command=CREATE_PARKING_LOT, data=[create_parking_lot, 6]] 
com.automatedparking.service.InputProcessorServiceImpl::InputProcessorServiceImpl -> InputData [command=CREATE_PARKING_LOT, data=[create_parking_lot, 6]] 
com.automatedparking.service.ParkingLotServiceImpl::createSlots -> 6 
com.automatedparking.ParkingLotApplication::input => park KA-01-HH-1234 White 
com.automatedparking.ParkingLotApplication::performAction ->  InputData [command=PARK, data=[park, KA-01-HH-1234, White]] 
com.automatedparking.service.ParkingLotServiceImpl::getFreeSlot() size ->6 
com.automatedparking.service.ParkingLotServiceImpl::printParkedLots() -> [ 1, value :|       1 |        KA-01-HH-1234 |       White | ] 
 
com.automatedparking.service.ParkingLotServiceImpl::printParkedLots() -> [ 2, value :null ] 
 
com.automatedparking.service.ParkingLotServiceImpl::printParkedLots() -> [ 3, value :null ] 
 
com.automatedparking.service.ParkingLotServiceImpl::printParkedLots() -> [ 4, value :null ] 
 
com.automatedparking.service.ParkingLotServiceImpl::printParkedLots() -> [ 5, value :null ] 
 
com.automatedparking.service.ParkingLotServiceImpl::printParkedLots() -> [ 6, value :null ] 
 
com.automatedparking.ParkingLotApplication::input => park KA-01-HH-9999 White 
com.automatedparking.ParkingLotApplication::performAction ->  InputData [command=PARK, data=[park, KA-01-HH-9999, White]] 
com.automatedparking.service.ParkingLotServiceImpl::getFreeSlot() size ->6 
com.automatedparking.service.ParkingLotServiceImpl::printParkedLots() -> [ 1, value :|       1 |        KA-01-HH-1234 |       White | ] 
 
com.automatedparking.service.ParkingLotServiceImpl::printParkedLots() -> [ 2, value :|       2 |        KA-01-HH-9999 |       White | ] 
 
com.automatedparking.service.ParkingLotServiceImpl::printParkedLots() -> [ 3, value :null ] 
 
com.automatedparking.service.ParkingLotServiceImpl::printParkedLots() -> [ 4, value :null ] 
 
com.automatedparking.service.ParkingLotServiceImpl::printParkedLots() -> [ 5, value :null ] 
 
com.automatedparking.service.ParkingLotServiceImpl::printParkedLots() -> [ 6, value :null ] 
 
com.automatedparking.ParkingLotApplication::input =>  
com.automatedparking.ParkingLotApplication::input => park KA-01-BB-0001 Black 
com.automatedparking.ParkingLotApplication::performAction ->  InputData [command=PARK, data=[park, KA-01-BB-0001, Black]] 
com.automatedparking.service.ParkingLotServiceImpl::getFreeSlot() size ->6 
com.automatedparking.service.ParkingLotServiceImpl::printParkedLots() -> [ 1, value :|       1 |        KA-01-HH-1234 |       White | ] 
 
com.automatedparking.service.ParkingLotServiceImpl::printParkedLots() -> [ 2, value :|       2 |        KA-01-HH-9999 |       White | ] 
 
com.automatedparking.service.ParkingLotServiceImpl::printParkedLots() -> [ 3, value :|       3 |        KA-01-BB-0001 |       Black | ] 
 
com.automatedparking.service.ParkingLotServiceImpl::printParkedLots() -> [ 4, value :null ] 
 
com.automatedparking.service.ParkingLotServiceImpl::printParkedLots() -> [ 5, value :null ] 
 
com.automatedparking.service.ParkingLotServiceImpl::printParkedLots() -> [ 6, value :null ] 
 
com.automatedparking.ParkingLotApplication::input =>  
com.automatedparking.ParkingLotApplication::input =>  
com.automatedparking.ParkingLotApplication::input => park KA-01-HH-7777 Red 
com.automatedparking.ParkingLotApplication::performAction ->  InputData [command=PARK, data=[park, KA-01-HH-7777, Red]] 
com.automatedparking.service.ParkingLotServiceImpl::getFreeSlot() size ->6 
com.automatedparking.service.ParkingLotServiceImpl::printParkedLots() -> [ 1, value :|       1 |        KA-01-HH-1234 |       White | ] 
 
com.automatedparking.service.ParkingLotServiceImpl::printParkedLots() -> [ 2, value :|       2 |        KA-01-HH-9999 |       White | ] 
 
com.automatedparking.service.ParkingLotServiceImpl::printParkedLots() -> [ 3, value :|       3 |        KA-01-BB-0001 |       Black | ] 
 
com.automatedparking.service.ParkingLotServiceImpl::printParkedLots() -> [ 4, value :|       4 |        KA-01-HH-7777 |         Red | ] 
 
com.automatedparking.service.ParkingLotServiceImpl::printParkedLots() -> [ 5, value :null ] 
 
com.automatedparking.service.ParkingLotServiceImpl::printParkedLots() -> [ 6, value :null ] 
 
com.automatedparking.ParkingLotApplication::input => park KA-01-HH-2701 Blue 
com.automatedparking.ParkingLotApplication::performAction ->  InputData [command=PARK, data=[park, KA-01-HH-2701, Blue]] 
com.automatedparking.service.ParkingLotServiceImpl::getFreeSlot() size ->6 
com.automatedparking.service.ParkingLotServiceImpl::printParkedLots() -> [ 1, value :|       1 |        KA-01-HH-1234 |       White | ] 
 
com.automatedparking.service.ParkingLotServiceImpl::printParkedLots() -> [ 2, value :|       2 |        KA-01-HH-9999 |       White | ] 
 
com.automatedparking.service.ParkingLotServiceImpl::printParkedLots() -> [ 3, value :|       3 |        KA-01-BB-0001 |       Black | ] 
 
com.automatedparking.service.ParkingLotServiceImpl::printParkedLots() -> [ 4, value :|       4 |        KA-01-HH-7777 |         Red | ] 
 
com.automatedparking.service.ParkingLotServiceImpl::printParkedLots() -> [ 5, value :|       5 |        KA-01-HH-2701 |        Blue | ] 
 
com.automatedparking.service.ParkingLotServiceImpl::printParkedLots() -> [ 6, value :null ] 
 
com.automatedparking.ParkingLotApplication::input => park KA-01-HH-3141 Black 
com.automatedparking.ParkingLotApplication::performAction ->  InputData [command=PARK, data=[park, KA-01-HH-3141, Black]] 
com.automatedparking.service.ParkingLotServiceImpl::getFreeSlot() size ->6 
com.automatedparking.service.ParkingLotServiceImpl::printParkedLots() -> [ 1, value :|       1 |        KA-01-HH-1234 |       White | ] 
 
com.automatedparking.service.ParkingLotServiceImpl::printParkedLots() -> [ 2, value :|       2 |        KA-01-HH-9999 |       White | ] 
 
com.automatedparking.service.ParkingLotServiceImpl::printParkedLots() -> [ 3, value :|       3 |        KA-01-BB-0001 |       Black | ] 
 
com.automatedparking.service.ParkingLotServiceImpl::printParkedLots() -> [ 4, value :|       4 |        KA-01-HH-7777 |         Red | ] 
 
com.automatedparking.service.ParkingLotServiceImpl::printParkedLots() -> [ 5, value :|       5 |        KA-01-HH-2701 |        Blue | ] 
 
com.automatedparking.service.ParkingLotServiceImpl::printParkedLots() -> [ 6, value :|       6 |        KA-01-HH-3141 |       Black | ] 
 
com.automatedparking.ParkingLotApplication::input => leave 4 
com.automatedparking.ParkingLotApplication::performAction ->  InputData [command=LEAVE, data=[leave, 4]] 
com.automatedparking.service.ParkingLotServiceImpl::leaveParkingLot() leaved -> |       4 |        KA-01-HH-7777 |         Red | 
com.automatedparking.ParkingLotApplication::input => status 
com.automatedparking.ParkingLotApplication::performAction ->  InputData [command=STATUS, data=[status]] 
com.automatedparking.ParkingLotApplication::input => park DL-12-AA-9999 White 
com.automatedparking.ParkingLotApplication::performAction ->  InputData [command=PARK, data=[park, DL-12-AA-9999, White]] 
com.automatedparking.service.ParkingLotServiceImpl::getFreeSlot() size ->6 
com.automatedparking.service.ParkingLotServiceImpl::printParkedLots() -> [ 1, value :|       1 |        KA-01-HH-1234 |       White | ] 
 
com.automatedparking.service.ParkingLotServiceImpl::printParkedLots() -> [ 2, value :|       2 |        KA-01-HH-9999 |       White | ] 
 
com.automatedparking.service.ParkingLotServiceImpl::printParkedLots() -> [ 3, value :|       3 |        KA-01-BB-0001 |       Black | ] 
 
com.automatedparking.service.ParkingLotServiceImpl::printParkedLots() -> [ 4, value :|       4 |        DL-12-AA-9999 |       White | ] 
 
com.automatedparking.service.ParkingLotServiceImpl::printParkedLots() -> [ 5, value :|       5 |        KA-01-HH-2701 |        Blue | ] 
 
com.automatedparking.service.ParkingLotServiceImpl::printParkedLots() -> [ 6, value :|       6 |        KA-01-HH-3141 |       Black | ] 
 
com.automatedparking.ParkingLotApplication::input => park DL-12-AA-9999 White 
com.automatedparking.ParkingLotApplication::performAction ->  InputData [command=PARK, data=[park, DL-12-AA-9999, White]] 
com.automatedparking.service.ParkingLotServiceImpl::getFreeSlot() size ->6 
com.automatedparking.ParkingLotApplication::input => registration_numbers_for_cars_with_colour 
com.automatedparking.ParkingLotApplication::input => registration_numbers_for_cars_with_color 
com.automatedparking.ParkingLotApplication::performAction ->  InputData [command=REGISTRATION_NUMBER_FOR_CARS_WITH_COLOR, data=[registration_numbers_for_cars_with_color]] 
com.automatedparking.ParkingLotApplication::input => registration_numbers_for_cars_with_colour 
com.automatedparking.ParkingLotApplication::input => registration_numbers_for_cars_with_color 
com.automatedparking.ParkingLotApplication::performAction ->  InputData [command=REGISTRATION_NUMBER_FOR_CARS_WITH_COLOR, data=[registration_numbers_for_cars_with_color]] 
com.automatedparking.ParkingLotApplication::input => registration_numbers_for_cars_with_color 
com.automatedparking.ParkingLotApplication::performAction ->  InputData [command=REGISTRATION_NUMBER_FOR_CARS_WITH_COLOR, data=[registration_numbers_for_cars_with_color]] 
com.automatedparking.ParkingLotApplication::input => registration_numbers_for_cars_with_color 
com.automatedparking.ParkingLotApplication::performAction ->  InputData [command=REGISTRATION_NUMBER_FOR_CARS_WITH_COLOR, data=[registration_numbers_for_cars_with_color]] 
com.automatedparking.ParkingLotApplication::input => registration_numbers_for_cars_with_color 
com.automatedparking.ParkingLotApplication::performAction ->  InputData [command=REGISTRATION_NUMBER_FOR_CARS_WITH_COLOR, data=[registration_numbers_for_cars_with_color]] 
com.automatedparking.ParkingLotApplication::input => registration_numbers_for_cars_with_color 
com.automatedparking.ParkingLotApplication::performAction ->  InputData [command=REGISTRATION_NUMBER_FOR_CARS_WITH_COLOR, data=[registration_numbers_for_cars_with_color]] 
com.automatedparking.ParkingLotApplication::input => registration_numbers_for_cars_with_color Red 
com.automatedparking.ParkingLotApplication::performAction ->  InputData [command=REGISTRATION_NUMBER_FOR_CARS_WITH_COLOR, data=[registration_numbers_for_cars_with_color, Red]] 
com.automatedparking.ParkingLotApplication::input => registration_numbers_for_cars_with_color Red 
com.automatedparking.ParkingLotApplication::performAction ->  InputData [command=REGISTRATION_NUMBER_FOR_CARS_WITH_COLOR, data=[registration_numbers_for_cars_with_color, Red]] 
com.automatedparking.ParkingLotApplication::input =>  
com.automatedparking.ParkingLotApplication::input => registration_numbers_for_cars_with_color Red 
com.automatedparking.ParkingLotApplication::performAction ->  InputData [command=REGISTRATION_NUMBER_FOR_CARS_WITH_COLOR, data=[registration_numbers_for_cars_with_color, Red]] 
com.automatedparking.ParkingLotApplication::input => create_parking_lot 6 
com.automatedparking.ParkingLotApplication::performAction ->  InputData [command=CREATE_PARKING_LOT, data=[create_parking_lot, 6]] 
com.automatedparking.service.InputProcessorServiceImpl::InputProcessorServiceImpl -> InputData [command=CREATE_PARKING_LOT, data=[create_parking_lot, 6]] 
com.automatedparking.service.ParkingLotServiceImpl::createSlots -> 6 
com.automatedparking.ParkingLotApplication::input => park KA-01-HH-1234 White 
com.automatedparking.ParkingLotApplication::performAction ->  InputData [command=PARK, data=[park, KA-01-HH-1234, White]] 
com.automatedparking.service.ParkingLotServiceImpl::getFreeSlot() size ->6 
com.automatedparking.service.ParkingLotServiceImpl::printParkedLots() -> [ 1, value :|       1 |        KA-01-HH-1234 |       White | ] 
 
com.automatedparking.service.ParkingLotServiceImpl::printParkedLots() -> [ 2, value :null ] 
 
com.automatedparking.service.ParkingLotServiceImpl::printParkedLots() -> [ 3, value :null ] 
 
com.automatedparking.service.ParkingLotServiceImpl::printParkedLots() -> [ 4, value :null ] 
 
com.automatedparking.service.ParkingLotServiceImpl::printParkedLots() -> [ 5, value :null ] 
 
com.automatedparking.service.ParkingLotServiceImpl::printParkedLots() -> [ 6, value :null ] 
 
com.automatedparking.ParkingLotApplication::input => park KA-01-HH-9999 White 
com.automatedparking.ParkingLotApplication::performAction ->  InputData [command=PARK, data=[park, KA-01-HH-9999, White]] 
com.automatedparking.service.ParkingLotServiceImpl::getFreeSlot() size ->6 
com.automatedparking.service.ParkingLotServiceImpl::printParkedLots() -> [ 1, value :|       1 |        KA-01-HH-1234 |       White | ] 
 
com.automatedparking.service.ParkingLotServiceImpl::printParkedLots() -> [ 2, value :|       2 |        KA-01-HH-9999 |       White | ] 
 
com.automatedparking.service.ParkingLotServiceImpl::printParkedLots() -> [ 3, value :null ] 
 
com.automatedparking.service.ParkingLotServiceImpl::printParkedLots() -> [ 4, value :null ] 
 
com.automatedparking.service.ParkingLotServiceImpl::printParkedLots() -> [ 5, value :null ] 
 
com.automatedparking.service.ParkingLotServiceImpl::printParkedLots() -> [ 6, value :null ] 
 
com.automatedparking.ParkingLotApplication::input => park KA-01-BB-0001 Black 
com.automatedparking.ParkingLotApplication::performAction ->  InputData [command=PARK, data=[park, KA-01-BB-0001, Black]] 
com.automatedparking.service.ParkingLotServiceImpl::getFreeSlot() size ->6 
com.automatedparking.service.ParkingLotServiceImpl::printParkedLots() -> [ 1, value :|       1 |        KA-01-HH-1234 |       White | ] 
 
com.automatedparking.service.ParkingLotServiceImpl::printParkedLots() -> [ 2, value :|       2 |        KA-01-HH-9999 |       White | ] 
 
com.automatedparking.service.ParkingLotServiceImpl::printParkedLots() -> [ 3, value :|       3 |        KA-01-BB-0001 |       Black | ] 
 
com.automatedparking.service.ParkingLotServiceImpl::printParkedLots() -> [ 4, value :null ] 
 
com.automatedparking.service.ParkingLotServiceImpl::printParkedLots() -> [ 5, value :null ] 
 
com.automatedparking.service.ParkingLotServiceImpl::printParkedLots() -> [ 6, value :null ] 
 
com.automatedparking.ParkingLotApplication::input => park KA-01-HH-7777 Red 
com.automatedparking.ParkingLotApplication::performAction ->  InputData [command=PARK, data=[park, KA-01-HH-7777, Red]] 
com.automatedparking.service.ParkingLotServiceImpl::getFreeSlot() size ->6 
com.automatedparking.service.ParkingLotServiceImpl::printParkedLots() -> [ 1, value :|       1 |        KA-01-HH-1234 |       White | ] 
 
com.automatedparking.service.ParkingLotServiceImpl::printParkedLots() -> [ 2, value :|       2 |        KA-01-HH-9999 |       White | ] 
 
com.automatedparking.service.ParkingLotServiceImpl::printParkedLots() -> [ 3, value :|       3 |        KA-01-BB-0001 |       Black | ] 
 
com.automatedparking.service.ParkingLotServiceImpl::printParkedLots() -> [ 4, value :|       4 |        KA-01-HH-7777 |         Red | ] 
 
com.automatedparking.service.ParkingLotServiceImpl::printParkedLots() -> [ 5, value :null ] 
 
com.automatedparking.service.ParkingLotServiceImpl::printParkedLots() -> [ 6, value :null ] 
 
com.automatedparking.ParkingLotApplication::input => park KA-01-HH-2701 Blue 
com.automatedparking.ParkingLotApplication::performAction ->  InputData [command=PARK, data=[park, KA-01-HH-2701, Blue]] 
com.automatedparking.service.ParkingLotServiceImpl::getFreeSlot() size ->6 
com.automatedparking.service.ParkingLotServiceImpl::printParkedLots() -> [ 1, value :|       1 |        KA-01-HH-1234 |       White | ] 
 
com.automatedparking.service.ParkingLotServiceImpl::printParkedLots() -> [ 2, value :|       2 |        KA-01-HH-9999 |       White | ] 
 
com.automatedparking.service.ParkingLotServiceImpl::printParkedLots() -> [ 3, value :|       3 |        KA-01-BB-0001 |       Black | ] 
 
com.automatedparking.service.ParkingLotServiceImpl::printParkedLots() -> [ 4, value :|       4 |        KA-01-HH-7777 |         Red | ] 
 
com.automatedparking.service.ParkingLotServiceImpl::printParkedLots() -> [ 5, value :|       5 |        KA-01-HH-2701 |        Blue | ] 
 
com.automatedparking.service.ParkingLotServiceImpl::printParkedLots() -> [ 6, value :null ] 
 
com.automatedparking.ParkingLotApplication::input => park KA-01-HH-3141 Black 
com.automatedparking.ParkingLotApplication::performAction ->  InputData [command=PARK, data=[park, KA-01-HH-3141, Black]] 
com.automatedparking.service.ParkingLotServiceImpl::getFreeSlot() size ->6 
com.automatedparking.service.ParkingLotServiceImpl::printParkedLots() -> [ 1, value :|       1 |        KA-01-HH-1234 |       White | ] 
 
com.automatedparking.service.ParkingLotServiceImpl::printParkedLots() -> [ 2, value :|       2 |        KA-01-HH-9999 |       White | ] 
 
com.automatedparking.service.ParkingLotServiceImpl::printParkedLots() -> [ 3, value :|       3 |        KA-01-BB-0001 |       Black | ] 
 
com.automatedparking.service.ParkingLotServiceImpl::printParkedLots() -> [ 4, value :|       4 |        KA-01-HH-7777 |         Red | ] 
 
com.automatedparking.service.ParkingLotServiceImpl::printParkedLots() -> [ 5, value :|       5 |        KA-01-HH-2701 |        Blue | ] 
 
com.automatedparking.service.ParkingLotServiceImpl::printParkedLots() -> [ 6, value :|       6 |        KA-01-HH-3141 |       Black | ] 
 
com.automatedparking.ParkingLotApplication::input => leave 4 
com.automatedparking.ParkingLotApplication::performAction ->  InputData [command=LEAVE, data=[leave, 4]] 
com.automatedparking.service.ParkingLotServiceImpl::leaveParkingLot() leaved -> |       4 |        KA-01-HH-7777 |         Red | 
com.automatedparking.ParkingLotApplication::input => status 
com.automatedparking.ParkingLotApplication::performAction ->  InputData [command=STATUS, data=[status]] 
com.automatedparking.ParkingLotApplication::input => park KA-01-P-333 White 
com.automatedparking.ParkingLotApplication::performAction ->  InputData [command=PARK, data=[park, KA-01-P-333, White]] 
com.automatedparking.service.ParkingLotServiceImpl::getFreeSlot() size ->6 
com.automatedparking.service.ParkingLotServiceImpl::printParkedLots() -> [ 1, value :|       1 |        KA-01-HH-1234 |       White | ] 
 
com.automatedparking.service.ParkingLotServiceImpl::printParkedLots() -> [ 2, value :|       2 |        KA-01-HH-9999 |       White | ] 
 
com.automatedparking.service.ParkingLotServiceImpl::printParkedLots() -> [ 3, value :|       3 |        KA-01-BB-0001 |       Black | ] 
 
com.automatedparking.service.ParkingLotServiceImpl::printParkedLots() -> [ 4, value :|       4 |          KA-01-P-333 |       White | ] 
 
com.automatedparking.service.ParkingLotServiceImpl::printParkedLots() -> [ 5, value :|       5 |        KA-01-HH-2701 |        Blue | ] 
 
com.automatedparking.service.ParkingLotServiceImpl::printParkedLots() -> [ 6, value :|       6 |        KA-01-HH-3141 |       Black | ] 
 
com.automatedparking.ParkingLotApplication::input => park DL-12-AA-9999 White 
com.automatedparking.ParkingLotApplication::performAction ->  InputData [command=PARK, data=[park, DL-12-AA-9999, White]] 
com.automatedparking.service.ParkingLotServiceImpl::getFreeSlot() size ->6 
com.automatedparking.ParkingLotApplication::input => registration_numbers_for_cars_with_color White 
com.automatedparking.ParkingLotApplication::performAction ->  InputData [command=REGISTRATION_NUMBERS_FOR_CARS_WITH_COLOR, data=[registration_numbers_for_cars_with_color, White]] 
